running develop
running egg_info
creating ssd_detection.egg-info
writing ssd_detection.egg-info/PKG-INFO
writing dependency_links to ssd_detection.egg-info/dependency_links.txt
writing entry points to ssd_detection.egg-info/entry_points.txt
writing requirements to ssd_detection.egg-info/requires.txt
writing top-level names to ssd_detection.egg-info/top_level.txt
writing manifest file 'ssd_detection.egg-info/SOURCES.txt'
reading manifest file 'ssd_detection.egg-info/SOURCES.txt'
writing manifest file 'ssd_detection.egg-info/SOURCES.txt'
running build_ext
Creating /home/shlee/ros2_ws/src/ssd_detection/install/ssd_detection/lib/python3.8/site-packages/site.py
Creating /home/shlee/ros2_ws/src/ssd_detection/install/ssd_detection/lib/python3.8/site-packages/ssd-detection.egg-link (link to .)
Installing detection_example script to /home/shlee/ros2_ws/src/ssd_detection/install/ssd_detection/lib/ssd_detection

Installed /home/shlee/ros2_ws/src/ssd_detection/build/ssd_detection
running install_data
creating /home/shlee/ros2_ws/src/ssd_detection/install/ssd_detection/share/ament_index
creating /home/shlee/ros2_ws/src/ssd_detection/install/ssd_detection/share/ament_index/resource_index
creating /home/shlee/ros2_ws/src/ssd_detection/install/ssd_detection/share/ament_index/resource_index/packages
copying resource/ssd_detection -> /home/shlee/ros2_ws/src/ssd_detection/install/ssd_detection/share/ament_index/resource_index/packages
copying package.xml -> /home/shlee/ros2_ws/src/ssd_detection/install/ssd_detection/share/ssd_detection
