running develop
running egg_info
creating topic_helloworld.egg-info
writing topic_helloworld.egg-info/PKG-INFO
writing dependency_links to topic_helloworld.egg-info/dependency_links.txt
writing entry points to topic_helloworld.egg-info/entry_points.txt
writing requirements to topic_helloworld.egg-info/requires.txt
writing top-level names to topic_helloworld.egg-info/top_level.txt
writing manifest file 'topic_helloworld.egg-info/SOURCES.txt'
reading manifest file 'topic_helloworld.egg-info/SOURCES.txt'
writing manifest file 'topic_helloworld.egg-info/SOURCES.txt'
running build_ext
Creating /home/shlee/ros2_ws/src/install/topic_helloworld/lib/python3.8/site-packages/site.py
Creating /home/shlee/ros2_ws/src/install/topic_helloworld/lib/python3.8/site-packages/topic-helloworld.egg-link (link to .)

Installed /home/shlee/ros2_ws/src/build/topic_helloworld
running install_data
creating /home/shlee/ros2_ws/src/install/topic_helloworld/share/ament_index
creating /home/shlee/ros2_ws/src/install/topic_helloworld/share/ament_index/resource_index
creating /home/shlee/ros2_ws/src/install/topic_helloworld/share/ament_index/resource_index/packages
copying resource/topic_helloworld -> /home/shlee/ros2_ws/src/install/topic_helloworld/share/ament_index/resource_index/packages
copying package.xml -> /home/shlee/ros2_ws/src/install/topic_helloworld/share/topic_helloworld
