[0.255s] DEBUG:colcon:Command line arguments: ['/usr/bin/colcon', 'build', '--symlink-install']
[0.255s] DEBUG:colcon:Parsed command line arguments: Namespace(allow_overriding=[], ament_cmake_args=None, base_paths=['.'], build_base='build', catkin_cmake_args=None, catkin_skip_building_tests=False, cmake_args=None, cmake_clean_cache=False, cmake_clean_first=False, cmake_force_configure=False, cmake_target=None, cmake_target_skip_unavailable=False, continue_on_error=False, event_handlers=None, executor='parallel', ignore_user_meta=False, install_base='install', log_base=None, log_level=None, main=<bound method BuildVerb.main of <colcon_core.verb.build.BuildVerb object at 0x7ffa4aa2f250>>, merge_install=False, metas=['./colcon.meta'], packages_above=None, packages_above_and_dependencies=None, packages_above_depth=None, packages_end=None, packages_ignore=None, packages_ignore_regex=None, packages_select=None, packages_select_build_failed=False, packages_select_by_dep=None, packages_select_regex=None, packages_select_test_failures=False, packages_skip=None, packages_skip_build_finished=False, packages_skip_by_dep=None, packages_skip_regex=None, packages_skip_test_passed=False, packages_skip_up_to=None, packages_start=None, packages_up_to=None, packages_up_to_regex=None, parallel_workers=8, paths=None, symlink_install=True, test_result_base=None, verb_extension=<colcon_core.verb.build.BuildVerb object at 0x7ffa4aa2f250>, verb_name='build', verb_parser=<colcon_defaults.argument_parser.defaults.DefaultArgumentsDecorator object at 0x7ffa4aa2f790>)
[0.301s] Level 1:colcon.colcon_core.package_discovery:discover_packages(colcon_meta) check parameters
[0.302s] Level 1:colcon.colcon_core.package_discovery:discover_packages(recursive) check parameters
[0.302s] Level 1:colcon.colcon_core.package_discovery:discover_packages(ignore) check parameters
[0.302s] Level 1:colcon.colcon_core.package_discovery:discover_packages(path) check parameters
[0.302s] Level 1:colcon.colcon_core.package_discovery:discover_packages(colcon_meta) discover
[0.302s] Level 1:colcon.colcon_core.package_discovery:discover_packages(recursive) discover
[0.302s] INFO:colcon.colcon_core.package_discovery:Crawling recursively for packages in '/home/shlee/ros2_ws/src/ssd_detection'
[0.302s] Level 1:colcon.colcon_core.package_identification:_identify(.) by extensions ['ignore', 'ignore_ament_install']
[0.302s] Level 1:colcon.colcon_core.package_identification:_identify(.) by extension 'ignore'
[0.302s] Level 1:colcon.colcon_core.package_identification:_identify(.) by extension 'ignore_ament_install'
[0.302s] Level 1:colcon.colcon_core.package_identification:_identify(.) by extensions ['colcon_pkg']
[0.302s] Level 1:colcon.colcon_core.package_identification:_identify(.) by extension 'colcon_pkg'
[0.302s] Level 1:colcon.colcon_core.package_identification:_identify(.) by extensions ['colcon_meta']
[0.302s] Level 1:colcon.colcon_core.package_identification:_identify(.) by extension 'colcon_meta'
[0.302s] Level 1:colcon.colcon_core.package_identification:_identify(.) by extensions ['ros']
[0.302s] Level 1:colcon.colcon_core.package_identification:_identify(.) by extension 'ros'
[0.320s] DEBUG:colcon.colcon_core.package_identification:Package '.' with type 'ros.ament_python' and name 'ssd_detection'
[0.320s] Level 1:colcon.colcon_core.package_discovery:discover_packages(recursive) using defaults
[0.320s] Level 1:colcon.colcon_core.package_discovery:discover_packages(ignore) discover
[0.320s] Level 1:colcon.colcon_core.package_discovery:discover_packages(ignore) using defaults
[0.320s] Level 1:colcon.colcon_core.package_discovery:discover_packages(path) discover
[0.320s] Level 1:colcon.colcon_core.package_discovery:discover_packages(path) using defaults
[0.339s] Level 1:colcon.colcon_core.package_discovery:discover_packages(prefix_path) check parameters
[0.339s] Level 1:colcon.colcon_core.package_discovery:discover_packages(prefix_path) discover
[0.341s] DEBUG:colcon.colcon_installed_package_information.package_discovery:Found 256 installed packages in /opt/ros/foxy
[0.342s] Level 1:colcon.colcon_core.package_discovery:discover_packages(prefix_path) using defaults
[0.388s] Level 5:colcon.colcon_core.verb:set package 'ssd_detection' build argument 'cmake_args' from command line to 'None'
[0.388s] Level 5:colcon.colcon_core.verb:set package 'ssd_detection' build argument 'cmake_target' from command line to 'None'
[0.388s] Level 5:colcon.colcon_core.verb:set package 'ssd_detection' build argument 'cmake_target_skip_unavailable' from command line to 'False'
[0.388s] Level 5:colcon.colcon_core.verb:set package 'ssd_detection' build argument 'cmake_clean_cache' from command line to 'False'
[0.388s] Level 5:colcon.colcon_core.verb:set package 'ssd_detection' build argument 'cmake_clean_first' from command line to 'False'
[0.388s] Level 5:colcon.colcon_core.verb:set package 'ssd_detection' build argument 'cmake_force_configure' from command line to 'False'
[0.388s] Level 5:colcon.colcon_core.verb:set package 'ssd_detection' build argument 'ament_cmake_args' from command line to 'None'
[0.388s] Level 5:colcon.colcon_core.verb:set package 'ssd_detection' build argument 'catkin_cmake_args' from command line to 'None'
[0.388s] Level 5:colcon.colcon_core.verb:set package 'ssd_detection' build argument 'catkin_skip_building_tests' from command line to 'False'
[0.388s] DEBUG:colcon.colcon_core.verb:Building package 'ssd_detection' with the following arguments: {'ament_cmake_args': None, 'build_base': '/home/shlee/ros2_ws/src/ssd_detection/build/ssd_detection', 'catkin_cmake_args': None, 'catkin_skip_building_tests': False, 'cmake_args': None, 'cmake_clean_cache': False, 'cmake_clean_first': False, 'cmake_force_configure': False, 'cmake_target': None, 'cmake_target_skip_unavailable': False, 'install_base': '/home/shlee/ros2_ws/src/ssd_detection/install/ssd_detection', 'merge_install': False, 'path': '/home/shlee/ros2_ws/src/ssd_detection', 'symlink_install': True, 'test_result_base': None}
[0.388s] INFO:colcon.colcon_core.executor:Executing jobs using 'parallel' executor
[0.391s] DEBUG:colcon.colcon_parallel_executor.executor.parallel:run_until_complete
[0.391s] INFO:colcon.colcon_ros.task.ament_python.build:Building ROS package in '/home/shlee/ros2_ws/src/ssd_detection' with build type 'ament_python'
[0.391s] Level 1:colcon.colcon_core.shell:create_environment_hook('ssd_detection', 'ament_prefix_path')
[0.394s] INFO:colcon.colcon_core.plugin_system:Skipping extension 'colcon_core.shell.bat': Not used on non-Windows systems
[0.394s] INFO:colcon.colcon_core.shell:Creating environment hook '/home/shlee/ros2_ws/src/ssd_detection/install/ssd_detection/share/ssd_detection/hook/ament_prefix_path.ps1'
[0.395s] INFO:colcon.colcon_core.shell:Creating environment descriptor '/home/shlee/ros2_ws/src/ssd_detection/install/ssd_detection/share/ssd_detection/hook/ament_prefix_path.dsv'
[0.395s] INFO:colcon.colcon_core.shell:Creating environment hook '/home/shlee/ros2_ws/src/ssd_detection/install/ssd_detection/share/ssd_detection/hook/ament_prefix_path.sh'
[0.396s] INFO:colcon.colcon_core.shell:Skip shell extension 'powershell' for command environment: Not usable outside of PowerShell
[0.396s] DEBUG:colcon.colcon_core.shell:Skip shell extension 'dsv' for command environment
[0.528s] INFO:colcon.colcon_core.task.python.build:Building Python package in '/home/shlee/ros2_ws/src/ssd_detection'
[0.529s] INFO:colcon.colcon_core.shell:Skip shell extension 'powershell' for command environment: Not usable outside of PowerShell
[0.530s] DEBUG:colcon.colcon_core.shell:Skip shell extension 'dsv' for command environment
[0.823s] DEBUG:colcon.colcon_core.event_handler.log_command:Invoking command in '/home/shlee/ros2_ws/src/ssd_detection/build/ssd_detection': PYTHONPATH=/home/shlee/ros2_ws/src/ssd_detection/build/ssd_detection/prefix_override:/home/shlee/ros2_ws/src/ssd_detection/install/ssd_detection/lib/python3.8/site-packages:${PYTHONPATH} /usr/bin/python3 setup.py develop --editable --build-directory /home/shlee/ros2_ws/src/ssd_detection/build/ssd_detection/build --no-deps install_data
[1.084s] Level 1:colcon.colcon_core.shell:create_environment_hook('ssd_detection', 'pythonpath_develop')
[1.086s] INFO:colcon.colcon_core.shell:Creating environment hook '/home/shlee/ros2_ws/src/ssd_detection/build/ssd_detection/share/ssd_detection/hook/pythonpath_develop.ps1'
[1.086s] DEBUG:colcon.colcon_core.event_handler.log_command:Invoked command in '/home/shlee/ros2_ws/src/ssd_detection/build/ssd_detection' returned '0': PYTHONPATH=/home/shlee/ros2_ws/src/ssd_detection/build/ssd_detection/prefix_override:/home/shlee/ros2_ws/src/ssd_detection/install/ssd_detection/lib/python3.8/site-packages:${PYTHONPATH} /usr/bin/python3 setup.py develop --editable --build-directory /home/shlee/ros2_ws/src/ssd_detection/build/ssd_detection/build --no-deps install_data
[1.087s] INFO:colcon.colcon_core.shell:Creating environment descriptor '/home/shlee/ros2_ws/src/ssd_detection/build/ssd_detection/share/ssd_detection/hook/pythonpath_develop.dsv'
[1.087s] INFO:colcon.colcon_core.shell:Creating environment hook '/home/shlee/ros2_ws/src/ssd_detection/build/ssd_detection/share/ssd_detection/hook/pythonpath_develop.sh'
[1.091s] Level 1:colcon.colcon_core.environment:checking '/home/shlee/ros2_ws/src/ssd_detection/install/ssd_detection' for CMake module files
[1.091s] Level 1:colcon.colcon_core.environment:checking '/home/shlee/ros2_ws/src/ssd_detection/install/ssd_detection' for CMake config files
[1.091s] Level 1:colcon.colcon_core.environment:checking '/home/shlee/ros2_ws/src/ssd_detection/install/ssd_detection/lib'
[1.092s] Level 1:colcon.colcon_core.environment:checking '/home/shlee/ros2_ws/src/ssd_detection/install/ssd_detection/bin'
[1.092s] Level 1:colcon.colcon_core.environment:checking '/home/shlee/ros2_ws/src/ssd_detection/install/ssd_detection/lib/pkgconfig/ssd_detection.pc'
[1.092s] Level 1:colcon.colcon_core.environment:checking '/home/shlee/ros2_ws/src/ssd_detection/install/ssd_detection/lib/python3.8/site-packages'
[1.092s] Level 1:colcon.colcon_core.shell:create_environment_hook('ssd_detection', 'pythonpath')
[1.093s] INFO:colcon.colcon_core.shell:Creating environment hook '/home/shlee/ros2_ws/src/ssd_detection/install/ssd_detection/share/ssd_detection/hook/pythonpath.ps1'
[1.093s] INFO:colcon.colcon_core.shell:Creating environment descriptor '/home/shlee/ros2_ws/src/ssd_detection/install/ssd_detection/share/ssd_detection/hook/pythonpath.dsv'
[1.093s] INFO:colcon.colcon_core.shell:Creating environment hook '/home/shlee/ros2_ws/src/ssd_detection/install/ssd_detection/share/ssd_detection/hook/pythonpath.sh'
[1.094s] Level 1:colcon.colcon_core.environment:checking '/home/shlee/ros2_ws/src/ssd_detection/install/ssd_detection/bin'
[1.094s] Level 1:colcon.colcon_core.environment:create_environment_scripts_only(ssd_detection)
[1.094s] INFO:colcon.colcon_core.shell:Creating package script '/home/shlee/ros2_ws/src/ssd_detection/install/ssd_detection/share/ssd_detection/package.ps1'
[1.095s] INFO:colcon.colcon_core.shell:Creating package descriptor '/home/shlee/ros2_ws/src/ssd_detection/install/ssd_detection/share/ssd_detection/package.dsv'
[1.095s] INFO:colcon.colcon_core.shell:Creating package script '/home/shlee/ros2_ws/src/ssd_detection/install/ssd_detection/share/ssd_detection/package.sh'
[1.096s] INFO:colcon.colcon_core.shell:Creating package script '/home/shlee/ros2_ws/src/ssd_detection/install/ssd_detection/share/ssd_detection/package.bash'
[1.096s] INFO:colcon.colcon_core.shell:Creating package script '/home/shlee/ros2_ws/src/ssd_detection/install/ssd_detection/share/ssd_detection/package.zsh'
[1.096s] Level 1:colcon.colcon_core.environment:create_file_with_runtime_dependencies(/home/shlee/ros2_ws/src/ssd_detection/install/ssd_detection/share/colcon-core/packages/ssd_detection)
[1.097s] DEBUG:colcon.colcon_parallel_executor.executor.parallel:closing loop
[1.097s] DEBUG:colcon.colcon_parallel_executor.executor.parallel:loop closed
[1.097s] DEBUG:colcon.colcon_parallel_executor.executor.parallel:run_until_complete finished with '0'
[1.097s] DEBUG:colcon.colcon_core.event_reactor:joining thread
[1.136s] INFO:colcon.colcon_core.plugin_system:Skipping extension 'colcon_notification.desktop_notification.notify_send': Could not find 'notify-send'
[1.136s] INFO:colcon.colcon_core.plugin_system:Skipping extension 'colcon_notification.desktop_notification.terminal_notifier': Not used on non-Darwin systems
[1.136s] INFO:colcon.colcon_core.plugin_system:Skipping extension 'colcon_notification.desktop_notification.win32': Not used on non-Windows systems
[1.136s] INFO:colcon.colcon_notification.desktop_notification:Sending desktop notification using 'notify2'
[1.170s] DEBUG:colcon.colcon_notification.desktop_notification.notify2:Failed to initialize notify2: org.freedesktop.DBus.Error.ServiceUnknown: The name org.freedesktop.Notifications was not provided by any .service files
[1.170s] DEBUG:colcon.colcon_core.event_reactor:joined thread
[1.171s] INFO:colcon.colcon_core.shell:Creating prefix script '/home/shlee/ros2_ws/src/ssd_detection/install/local_setup.ps1'
[1.172s] INFO:colcon.colcon_core.shell:Creating prefix util module '/home/shlee/ros2_ws/src/ssd_detection/install/_local_setup_util_ps1.py'
[1.173s] INFO:colcon.colcon_core.shell:Creating prefix chain script '/home/shlee/ros2_ws/src/ssd_detection/install/setup.ps1'
[1.173s] INFO:colcon.colcon_core.shell:Creating prefix script '/home/shlee/ros2_ws/src/ssd_detection/install/local_setup.sh'
[1.174s] INFO:colcon.colcon_core.shell:Creating prefix util module '/home/shlee/ros2_ws/src/ssd_detection/install/_local_setup_util_sh.py'
[1.174s] INFO:colcon.colcon_core.shell:Creating prefix chain script '/home/shlee/ros2_ws/src/ssd_detection/install/setup.sh'
[1.175s] INFO:colcon.colcon_core.shell:Creating prefix script '/home/shlee/ros2_ws/src/ssd_detection/install/local_setup.bash'
[1.175s] INFO:colcon.colcon_core.shell:Creating prefix chain script '/home/shlee/ros2_ws/src/ssd_detection/install/setup.bash'
[1.176s] INFO:colcon.colcon_core.shell:Creating prefix script '/home/shlee/ros2_ws/src/ssd_detection/install/local_setup.zsh'
[1.176s] INFO:colcon.colcon_core.shell:Creating prefix chain script '/home/shlee/ros2_ws/src/ssd_detection/install/setup.zsh'
