[0.238s] DEBUG:colcon:Command line arguments: ['/usr/bin/colcon', 'build', '--symlink-install', '--packages-select', 'topic_helloworld']
[0.238s] DEBUG:colcon:Parsed command line arguments: Namespace(allow_overriding=[], ament_cmake_args=None, base_paths=['.'], build_base='build', catkin_cmake_args=None, catkin_skip_building_tests=False, cmake_args=None, cmake_clean_cache=False, cmake_clean_first=False, cmake_force_configure=False, cmake_target=None, cmake_target_skip_unavailable=False, continue_on_error=False, event_handlers=None, executor='parallel', ignore_user_meta=False, install_base='install', log_base=None, log_level=None, main=<bound method BuildVerb.main of <colcon_core.verb.build.BuildVerb object at 0x7f121155e640>>, merge_install=False, metas=['./colcon.meta'], packages_above=None, packages_above_and_dependencies=None, packages_above_depth=None, packages_end=None, packages_ignore=None, packages_ignore_regex=None, packages_select=['topic_helloworld'], packages_select_build_failed=False, packages_select_by_dep=None, packages_select_regex=None, packages_select_test_failures=False, packages_skip=None, packages_skip_build_finished=False, packages_skip_by_dep=None, packages_skip_regex=None, packages_skip_test_passed=False, packages_skip_up_to=None, packages_start=None, packages_up_to=None, packages_up_to_regex=None, parallel_workers=8, paths=None, symlink_install=True, test_result_base=None, verb_extension=<colcon_core.verb.build.BuildVerb object at 0x7f121155e640>, verb_name='build', verb_parser=<colcon_defaults.argument_parser.defaults.DefaultArgumentsDecorator object at 0x7f121155eb80>)
[0.256s] Level 1:colcon.colcon_core.package_discovery:discover_packages(colcon_meta) check parameters
[0.256s] Level 1:colcon.colcon_core.package_discovery:discover_packages(recursive) check parameters
[0.256s] Level 1:colcon.colcon_core.package_discovery:discover_packages(ignore) check parameters
[0.256s] Level 1:colcon.colcon_core.package_discovery:discover_packages(path) check parameters
[0.256s] Level 1:colcon.colcon_core.package_discovery:discover_packages(colcon_meta) discover
[0.256s] Level 1:colcon.colcon_core.package_discovery:discover_packages(recursive) discover
[0.256s] INFO:colcon.colcon_core.package_discovery:Crawling recursively for packages in '/home/shlee/ros2_ws/src'
[0.256s] Level 1:colcon.colcon_core.package_identification:_identify(.) by extensions ['ignore', 'ignore_ament_install']
[0.256s] Level 1:colcon.colcon_core.package_identification:_identify(.) by extension 'ignore'
[0.256s] Level 1:colcon.colcon_core.package_identification:_identify(.) by extension 'ignore_ament_install'
[0.257s] Level 1:colcon.colcon_core.package_identification:_identify(.) by extensions ['colcon_pkg']
[0.257s] Level 1:colcon.colcon_core.package_identification:_identify(.) by extension 'colcon_pkg'
[0.257s] Level 1:colcon.colcon_core.package_identification:_identify(.) by extensions ['colcon_meta']
[0.257s] Level 1:colcon.colcon_core.package_identification:_identify(.) by extension 'colcon_meta'
[0.257s] Level 1:colcon.colcon_core.package_identification:_identify(.) by extensions ['ros']
[0.257s] Level 1:colcon.colcon_core.package_identification:_identify(.) by extension 'ros'
[0.270s] Level 1:colcon.colcon_core.package_identification:_identify(.) by extensions ['cmake', 'python']
[0.270s] Level 1:colcon.colcon_core.package_identification:_identify(.) by extension 'cmake'
[0.270s] Level 1:colcon.colcon_core.package_identification:_identify(.) by extension 'python'
[0.270s] Level 1:colcon.colcon_core.package_identification:_identify(.) by extensions ['python_setup_py']
[0.270s] Level 1:colcon.colcon_core.package_identification:_identify(.) by extension 'python_setup_py'
[0.270s] Level 1:colcon.colcon_core.package_identification:_identify(build) by extensions ['ignore', 'ignore_ament_install']
[0.270s] Level 1:colcon.colcon_core.package_identification:_identify(build) by extension 'ignore'
[0.270s] Level 1:colcon.colcon_core.package_identification:_identify(build) ignored
[0.270s] Level 1:colcon.colcon_core.package_identification:_identify(custom_action_interface) by extensions ['ignore', 'ignore_ament_install']
[0.270s] Level 1:colcon.colcon_core.package_identification:_identify(custom_action_interface) by extension 'ignore'
[0.270s] Level 1:colcon.colcon_core.package_identification:_identify(custom_action_interface) by extension 'ignore_ament_install'
[0.270s] Level 1:colcon.colcon_core.package_identification:_identify(custom_action_interface) by extensions ['colcon_pkg']
[0.270s] Level 1:colcon.colcon_core.package_identification:_identify(custom_action_interface) by extension 'colcon_pkg'
[0.270s] Level 1:colcon.colcon_core.package_identification:_identify(custom_action_interface) by extensions ['colcon_meta']
[0.270s] Level 1:colcon.colcon_core.package_identification:_identify(custom_action_interface) by extension 'colcon_meta'
[0.270s] Level 1:colcon.colcon_core.package_identification:_identify(custom_action_interface) by extensions ['ros']
[0.270s] Level 1:colcon.colcon_core.package_identification:_identify(custom_action_interface) by extension 'ros'
[0.272s] DEBUG:colcon.colcon_core.package_identification:Package 'custom_action_interface' with type 'ros.ament_cmake' and name 'custom_action_interface'
[0.272s] Level 1:colcon.colcon_core.package_identification:_identify(fibonacci_action) by extensions ['ignore', 'ignore_ament_install']
[0.272s] Level 1:colcon.colcon_core.package_identification:_identify(fibonacci_action) by extension 'ignore'
[0.272s] Level 1:colcon.colcon_core.package_identification:_identify(fibonacci_action) by extension 'ignore_ament_install'
[0.272s] Level 1:colcon.colcon_core.package_identification:_identify(fibonacci_action) by extensions ['colcon_pkg']
[0.272s] Level 1:colcon.colcon_core.package_identification:_identify(fibonacci_action) by extension 'colcon_pkg'
[0.272s] Level 1:colcon.colcon_core.package_identification:_identify(fibonacci_action) by extensions ['colcon_meta']
[0.272s] Level 1:colcon.colcon_core.package_identification:_identify(fibonacci_action) by extension 'colcon_meta'
[0.272s] Level 1:colcon.colcon_core.package_identification:_identify(fibonacci_action) by extensions ['ros']
[0.272s] Level 1:colcon.colcon_core.package_identification:_identify(fibonacci_action) by extension 'ros'
[0.273s] DEBUG:colcon.colcon_core.package_identification:Package 'fibonacci_action' with type 'ros.ament_python' and name 'fibonacci_action'
[0.273s] Level 1:colcon.colcon_core.package_identification:_identify(install) by extensions ['ignore', 'ignore_ament_install']
[0.273s] Level 1:colcon.colcon_core.package_identification:_identify(install) by extension 'ignore'
[0.273s] Level 1:colcon.colcon_core.package_identification:_identify(install) ignored
[0.273s] Level 1:colcon.colcon_core.package_identification:_identify(log) by extensions ['ignore', 'ignore_ament_install']
[0.273s] Level 1:colcon.colcon_core.package_identification:_identify(log) by extension 'ignore'
[0.273s] Level 1:colcon.colcon_core.package_identification:_identify(log) ignored
[0.273s] Level 1:colcon.colcon_core.package_identification:_identify(ros2) by extensions ['ignore', 'ignore_ament_install']
[0.273s] Level 1:colcon.colcon_core.package_identification:_identify(ros2) by extension 'ignore'
[0.273s] Level 1:colcon.colcon_core.package_identification:_identify(ros2) by extension 'ignore_ament_install'
[0.273s] Level 1:colcon.colcon_core.package_identification:_identify(ros2) by extensions ['colcon_pkg']
[0.273s] Level 1:colcon.colcon_core.package_identification:_identify(ros2) by extension 'colcon_pkg'
[0.273s] Level 1:colcon.colcon_core.package_identification:_identify(ros2) by extensions ['colcon_meta']
[0.273s] Level 1:colcon.colcon_core.package_identification:_identify(ros2) by extension 'colcon_meta'
[0.273s] Level 1:colcon.colcon_core.package_identification:_identify(ros2) by extensions ['ros']
[0.273s] Level 1:colcon.colcon_core.package_identification:_identify(ros2) by extension 'ros'
[0.273s] Level 1:colcon.colcon_core.package_identification:_identify(ros2) by extensions ['cmake', 'python']
[0.273s] Level 1:colcon.colcon_core.package_identification:_identify(ros2) by extension 'cmake'
[0.273s] Level 1:colcon.colcon_core.package_identification:_identify(ros2) by extension 'python'
[0.273s] Level 1:colcon.colcon_core.package_identification:_identify(ros2) by extensions ['python_setup_py']
[0.273s] Level 1:colcon.colcon_core.package_identification:_identify(ros2) by extension 'python_setup_py'
[0.273s] Level 1:colcon.colcon_core.package_identification:_identify(ssd_detection) by extensions ['ignore', 'ignore_ament_install']
[0.273s] Level 1:colcon.colcon_core.package_identification:_identify(ssd_detection) by extension 'ignore'
[0.273s] Level 1:colcon.colcon_core.package_identification:_identify(ssd_detection) by extension 'ignore_ament_install'
[0.273s] Level 1:colcon.colcon_core.package_identification:_identify(ssd_detection) by extensions ['colcon_pkg']
[0.273s] Level 1:colcon.colcon_core.package_identification:_identify(ssd_detection) by extension 'colcon_pkg'
[0.274s] Level 1:colcon.colcon_core.package_identification:_identify(ssd_detection) by extensions ['colcon_meta']
[0.274s] Level 1:colcon.colcon_core.package_identification:_identify(ssd_detection) by extension 'colcon_meta'
[0.274s] Level 1:colcon.colcon_core.package_identification:_identify(ssd_detection) by extensions ['ros']
[0.274s] Level 1:colcon.colcon_core.package_identification:_identify(ssd_detection) by extension 'ros'
[0.274s] DEBUG:colcon.colcon_core.package_identification:Package 'ssd_detection' with type 'ros.ament_python' and name 'ssd_detection'
[0.274s] Level 1:colcon.colcon_core.package_identification:_identify(topic_helloworld) by extensions ['ignore', 'ignore_ament_install']
[0.274s] Level 1:colcon.colcon_core.package_identification:_identify(topic_helloworld) by extension 'ignore'
[0.274s] Level 1:colcon.colcon_core.package_identification:_identify(topic_helloworld) by extension 'ignore_ament_install'
[0.274s] Level 1:colcon.colcon_core.package_identification:_identify(topic_helloworld) by extensions ['colcon_pkg']
[0.274s] Level 1:colcon.colcon_core.package_identification:_identify(topic_helloworld) by extension 'colcon_pkg'
[0.274s] Level 1:colcon.colcon_core.package_identification:_identify(topic_helloworld) by extensions ['colcon_meta']
[0.274s] Level 1:colcon.colcon_core.package_identification:_identify(topic_helloworld) by extension 'colcon_meta'
[0.274s] Level 1:colcon.colcon_core.package_identification:_identify(topic_helloworld) by extensions ['ros']
[0.274s] Level 1:colcon.colcon_core.package_identification:_identify(topic_helloworld) by extension 'ros'
[0.275s] DEBUG:colcon.colcon_core.package_identification:Package 'topic_helloworld' with type 'ros.ament_python' and name 'topic_helloworld'
[0.275s] Level 1:colcon.colcon_core.package_discovery:discover_packages(recursive) using defaults
[0.275s] Level 1:colcon.colcon_core.package_discovery:discover_packages(ignore) discover
[0.275s] Level 1:colcon.colcon_core.package_discovery:discover_packages(ignore) using defaults
[0.275s] Level 1:colcon.colcon_core.package_discovery:discover_packages(path) discover
[0.275s] Level 1:colcon.colcon_core.package_discovery:discover_packages(path) using defaults
[0.288s] INFO:colcon.colcon_core.package_selection:Skipping not selected package 'custom_action_interface' in 'custom_action_interface'
[0.288s] INFO:colcon.colcon_core.package_selection:Skipping not selected package 'ssd_detection' in 'ssd_detection'
[0.288s] INFO:colcon.colcon_core.package_selection:Skipping not selected package 'fibonacci_action' in 'fibonacci_action'
[0.288s] Level 1:colcon.colcon_core.package_discovery:discover_packages(prefix_path) check parameters
[0.288s] Level 1:colcon.colcon_core.package_discovery:discover_packages(prefix_path) discover
[0.289s] DEBUG:colcon.colcon_installed_package_information.package_discovery:Found 3 installed packages in /home/shlee/ros2_ws/install
[0.290s] DEBUG:colcon.colcon_installed_package_information.package_discovery:Found 256 installed packages in /opt/ros/foxy
[0.291s] Level 1:colcon.colcon_core.package_discovery:discover_packages(prefix_path) using defaults
[0.330s] Level 5:colcon.colcon_core.verb:set package 'topic_helloworld' build argument 'cmake_args' from command line to 'None'
[0.330s] Level 5:colcon.colcon_core.verb:set package 'topic_helloworld' build argument 'cmake_target' from command line to 'None'
[0.330s] Level 5:colcon.colcon_core.verb:set package 'topic_helloworld' build argument 'cmake_target_skip_unavailable' from command line to 'False'
[0.330s] Level 5:colcon.colcon_core.verb:set package 'topic_helloworld' build argument 'cmake_clean_cache' from command line to 'False'
[0.330s] Level 5:colcon.colcon_core.verb:set package 'topic_helloworld' build argument 'cmake_clean_first' from command line to 'False'
[0.330s] Level 5:colcon.colcon_core.verb:set package 'topic_helloworld' build argument 'cmake_force_configure' from command line to 'False'
[0.330s] Level 5:colcon.colcon_core.verb:set package 'topic_helloworld' build argument 'ament_cmake_args' from command line to 'None'
[0.330s] Level 5:colcon.colcon_core.verb:set package 'topic_helloworld' build argument 'catkin_cmake_args' from command line to 'None'
[0.330s] Level 5:colcon.colcon_core.verb:set package 'topic_helloworld' build argument 'catkin_skip_building_tests' from command line to 'False'
[0.330s] DEBUG:colcon.colcon_core.verb:Building package 'topic_helloworld' with the following arguments: {'ament_cmake_args': None, 'build_base': '/home/shlee/ros2_ws/src/build/topic_helloworld', 'catkin_cmake_args': None, 'catkin_skip_building_tests': False, 'cmake_args': None, 'cmake_clean_cache': False, 'cmake_clean_first': False, 'cmake_force_configure': False, 'cmake_target': None, 'cmake_target_skip_unavailable': False, 'install_base': '/home/shlee/ros2_ws/src/install/topic_helloworld', 'merge_install': False, 'path': '/home/shlee/ros2_ws/src/topic_helloworld', 'symlink_install': True, 'test_result_base': None}
[0.331s] INFO:colcon.colcon_core.executor:Executing jobs using 'parallel' executor
[0.333s] DEBUG:colcon.colcon_parallel_executor.executor.parallel:run_until_complete
[0.334s] INFO:colcon.colcon_ros.task.ament_python.build:Building ROS package in '/home/shlee/ros2_ws/src/topic_helloworld' with build type 'ament_python'
[0.334s] Level 1:colcon.colcon_core.shell:create_environment_hook('topic_helloworld', 'ament_prefix_path')
[0.337s] INFO:colcon.colcon_core.plugin_system:Skipping extension 'colcon_core.shell.bat': Not used on non-Windows systems
[0.337s] INFO:colcon.colcon_core.shell:Creating environment hook '/home/shlee/ros2_ws/src/install/topic_helloworld/share/topic_helloworld/hook/ament_prefix_path.ps1'
[0.338s] INFO:colcon.colcon_core.shell:Creating environment descriptor '/home/shlee/ros2_ws/src/install/topic_helloworld/share/topic_helloworld/hook/ament_prefix_path.dsv'
[0.338s] INFO:colcon.colcon_core.shell:Creating environment hook '/home/shlee/ros2_ws/src/install/topic_helloworld/share/topic_helloworld/hook/ament_prefix_path.sh'
[0.339s] INFO:colcon.colcon_core.shell:Skip shell extension 'powershell' for command environment: Not usable outside of PowerShell
[0.339s] DEBUG:colcon.colcon_core.shell:Skip shell extension 'dsv' for command environment
[0.477s] INFO:colcon.colcon_core.task.python.build:Building Python package in '/home/shlee/ros2_ws/src/topic_helloworld'
[0.478s] INFO:colcon.colcon_core.shell:Skip shell extension 'powershell' for command environment: Not usable outside of PowerShell
[0.478s] DEBUG:colcon.colcon_core.shell:Skip shell extension 'dsv' for command environment
[0.722s] DEBUG:colcon.colcon_core.event_handler.log_command:Invoking command in '/home/shlee/ros2_ws/src/build/topic_helloworld': PYTHONPATH=/home/shlee/ros2_ws/src/build/topic_helloworld/prefix_override:/home/shlee/ros2_ws/src/install/topic_helloworld/lib/python3.8/site-packages:${PYTHONPATH} /usr/bin/python3 setup.py develop --editable --build-directory /home/shlee/ros2_ws/src/build/topic_helloworld/build --no-deps install_data
[0.993s] Level 1:colcon.colcon_core.shell:create_environment_hook('topic_helloworld', 'pythonpath_develop')
[0.994s] INFO:colcon.colcon_core.shell:Creating environment hook '/home/shlee/ros2_ws/src/build/topic_helloworld/share/topic_helloworld/hook/pythonpath_develop.ps1'
[0.994s] DEBUG:colcon.colcon_core.event_handler.log_command:Invoked command in '/home/shlee/ros2_ws/src/build/topic_helloworld' returned '0': PYTHONPATH=/home/shlee/ros2_ws/src/build/topic_helloworld/prefix_override:/home/shlee/ros2_ws/src/install/topic_helloworld/lib/python3.8/site-packages:${PYTHONPATH} /usr/bin/python3 setup.py develop --editable --build-directory /home/shlee/ros2_ws/src/build/topic_helloworld/build --no-deps install_data
[0.995s] INFO:colcon.colcon_core.shell:Creating environment descriptor '/home/shlee/ros2_ws/src/build/topic_helloworld/share/topic_helloworld/hook/pythonpath_develop.dsv'
[0.995s] INFO:colcon.colcon_core.shell:Creating environment hook '/home/shlee/ros2_ws/src/build/topic_helloworld/share/topic_helloworld/hook/pythonpath_develop.sh'
[0.998s] Level 1:colcon.colcon_core.environment:checking '/home/shlee/ros2_ws/src/install/topic_helloworld' for CMake module files
[0.998s] Level 1:colcon.colcon_core.environment:checking '/home/shlee/ros2_ws/src/install/topic_helloworld' for CMake config files
[0.999s] Level 1:colcon.colcon_core.environment:checking '/home/shlee/ros2_ws/src/install/topic_helloworld/lib'
[0.999s] Level 1:colcon.colcon_core.environment:checking '/home/shlee/ros2_ws/src/install/topic_helloworld/bin'
[0.999s] Level 1:colcon.colcon_core.environment:checking '/home/shlee/ros2_ws/src/install/topic_helloworld/lib/pkgconfig/topic_helloworld.pc'
[0.999s] Level 1:colcon.colcon_core.environment:checking '/home/shlee/ros2_ws/src/install/topic_helloworld/lib/python3.8/site-packages'
[0.999s] Level 1:colcon.colcon_core.shell:create_environment_hook('topic_helloworld', 'pythonpath')
[1.001s] INFO:colcon.colcon_core.shell:Creating environment hook '/home/shlee/ros2_ws/src/install/topic_helloworld/share/topic_helloworld/hook/pythonpath.ps1'
[1.001s] INFO:colcon.colcon_core.shell:Creating environment descriptor '/home/shlee/ros2_ws/src/install/topic_helloworld/share/topic_helloworld/hook/pythonpath.dsv'
[1.001s] INFO:colcon.colcon_core.shell:Creating environment hook '/home/shlee/ros2_ws/src/install/topic_helloworld/share/topic_helloworld/hook/pythonpath.sh'
[1.001s] Level 1:colcon.colcon_core.environment:checking '/home/shlee/ros2_ws/src/install/topic_helloworld/bin'
[1.001s] Level 1:colcon.colcon_core.environment:create_environment_scripts_only(topic_helloworld)
[1.002s] INFO:colcon.colcon_core.shell:Creating package script '/home/shlee/ros2_ws/src/install/topic_helloworld/share/topic_helloworld/package.ps1'
[1.003s] INFO:colcon.colcon_core.shell:Creating package descriptor '/home/shlee/ros2_ws/src/install/topic_helloworld/share/topic_helloworld/package.dsv'
[1.003s] INFO:colcon.colcon_core.shell:Creating package script '/home/shlee/ros2_ws/src/install/topic_helloworld/share/topic_helloworld/package.sh'
[1.004s] INFO:colcon.colcon_core.shell:Creating package script '/home/shlee/ros2_ws/src/install/topic_helloworld/share/topic_helloworld/package.bash'
[1.004s] INFO:colcon.colcon_core.shell:Creating package script '/home/shlee/ros2_ws/src/install/topic_helloworld/share/topic_helloworld/package.zsh'
[1.004s] Level 1:colcon.colcon_core.environment:create_file_with_runtime_dependencies(/home/shlee/ros2_ws/src/install/topic_helloworld/share/colcon-core/packages/topic_helloworld)
[1.005s] DEBUG:colcon.colcon_parallel_executor.executor.parallel:closing loop
[1.005s] DEBUG:colcon.colcon_parallel_executor.executor.parallel:loop closed
[1.005s] DEBUG:colcon.colcon_parallel_executor.executor.parallel:run_until_complete finished with '0'
[1.005s] DEBUG:colcon.colcon_core.event_reactor:joining thread
[1.032s] INFO:colcon.colcon_core.plugin_system:Skipping extension 'colcon_notification.desktop_notification.notify_send': Could not find 'notify-send'
[1.032s] INFO:colcon.colcon_core.plugin_system:Skipping extension 'colcon_notification.desktop_notification.terminal_notifier': Not used on non-Darwin systems
[1.032s] INFO:colcon.colcon_core.plugin_system:Skipping extension 'colcon_notification.desktop_notification.win32': Not used on non-Windows systems
[1.032s] INFO:colcon.colcon_notification.desktop_notification:Sending desktop notification using 'notify2'
[1.049s] DEBUG:colcon.colcon_notification.desktop_notification.notify2:Failed to initialize notify2: org.freedesktop.DBus.Error.ServiceUnknown: The name org.freedesktop.Notifications was not provided by any .service files
[1.049s] DEBUG:colcon.colcon_core.event_reactor:joined thread
[1.050s] INFO:colcon.colcon_core.shell:Creating prefix script '/home/shlee/ros2_ws/src/install/local_setup.ps1'
[1.051s] INFO:colcon.colcon_core.shell:Creating prefix util module '/home/shlee/ros2_ws/src/install/_local_setup_util_ps1.py'
[1.052s] INFO:colcon.colcon_core.shell:Creating prefix chain script '/home/shlee/ros2_ws/src/install/setup.ps1'
[1.053s] INFO:colcon.colcon_core.shell:Creating prefix script '/home/shlee/ros2_ws/src/install/local_setup.sh'
[1.053s] INFO:colcon.colcon_core.shell:Creating prefix util module '/home/shlee/ros2_ws/src/install/_local_setup_util_sh.py'
[1.053s] INFO:colcon.colcon_core.shell:Creating prefix chain script '/home/shlee/ros2_ws/src/install/setup.sh'
[1.054s] INFO:colcon.colcon_core.shell:Creating prefix script '/home/shlee/ros2_ws/src/install/local_setup.bash'
[1.054s] INFO:colcon.colcon_core.shell:Creating prefix chain script '/home/shlee/ros2_ws/src/install/setup.bash'
[1.055s] INFO:colcon.colcon_core.shell:Creating prefix script '/home/shlee/ros2_ws/src/install/local_setup.zsh'
[1.056s] INFO:colcon.colcon_core.shell:Creating prefix chain script '/home/shlee/ros2_ws/src/install/setup.zsh'
